{
  "stats": {
    "suites": 3,
    "tests": 17,
    "passes": 17,
    "pending": 0,
    "failures": 0,
    "testsRegistered": 17,
    "passPercent": 100,
    "pendingPercent": 0,
    "other": 0,
    "hasOther": false,
    "skipped": 0,
    "hasSkipped": false,
    "start": "2025-10-29T21:14:15.120Z",
    "end": "2025-10-29T21:15:51.423Z",
    "duration": 96303
  },
  "results": [
    {
      "uuid": "7bc5581f-3c6e-4e11-a6ac-d4c512fdbf2e",
      "title": "",
      "fullFile": "cypress\\e2e\\smoke.cy.js",
      "file": "cypress\\e2e\\smoke.cy.js",
      "beforeHooks": [],
      "afterHooks": [],
      "tests": [],
      "suites": [
        {
          "uuid": "f35de34a-560a-4189-9536-ab8473219f64",
          "title": "Smoke - LogistiQ",
          "fullFile": "",
          "file": "",
          "beforeHooks": [],
          "afterHooks": [],
          "tests": [
            {
              "title": "carrega a página inicial corretamente",
              "fullTitle": "Smoke - LogistiQ carrega a página inicial corretamente",
              "timedOut": null,
              "duration": 1263,
              "state": "passed",
              "speed": "fast",
              "pass": true,
              "fail": false,
              "pending": false,
              "context": null,
              "code": "cy.visit('/');\ncy.title().should('exist');\ncy.contains('LogistiQ');",
              "err": {},
              "uuid": "1a93a989-0156-48f0-9b78-1fbb5a74f331",
              "parentUUID": "f35de34a-560a-4189-9536-ab8473219f64",
              "isHook": false,
              "skipped": false
            }
          ],
          "suites": [],
          "passes": [
            "1a93a989-0156-48f0-9b78-1fbb5a74f331"
          ],
          "failures": [],
          "pending": [],
          "skipped": [],
          "duration": 1263,
          "root": false,
          "rootEmpty": false,
          "_timeout": 2000
        }
      ],
      "passes": [],
      "failures": [],
      "pending": [],
      "skipped": [],
      "duration": 0,
      "root": true,
      "rootEmpty": true,
      "_timeout": 2000
    },
    {
      "uuid": "0169e9d5-1bca-4e7e-9dac-faedba403e4a",
      "title": "",
      "fullFile": "cypress\\e2e\\usuarios.cy.js",
      "file": "cypress\\e2e\\usuarios.cy.js",
      "beforeHooks": [],
      "afterHooks": [],
      "tests": [],
      "suites": [
        {
          "uuid": "57a068dc-07e8-450e-9a48-8150c196063c",
          "title": "Gestão de Usuários - LogistiQ",
          "fullFile": "",
          "file": "",
          "beforeHooks": [],
          "afterHooks": [],
          "tests": [],
          "suites": [
            {
              "uuid": "b87539f9-6854-4148-8728-a308de76df00",
              "title": "🧾 Estrutura da página",
              "fullFile": "",
              "file": "",
              "beforeHooks": [],
              "afterHooks": [],
              "tests": [
                {
                  "title": "deve exibir a tabela e cabeçalhos principais",
                  "fullTitle": "Gestão de Usuários - LogistiQ 🧾 Estrutura da página deve exibir a tabela e cabeçalhos principais",
                  "timedOut": null,
                  "duration": 3678,
                  "state": "passed",
                  "speed": "fast",
                  "pass": true,
                  "fail": false,
                  "pending": false,
                  "context": null,
                  "code": "cy.get('table').should('exist');\ncy.get('th').contains('Nome');\ncy.get('th').contains('Email');\ncy.get('th').contains('Tipo');\ncy.get('th').contains('Data Cadastro');",
                  "err": {},
                  "uuid": "2f79fdde-e986-4176-912f-2623d89e641f",
                  "parentUUID": "b87539f9-6854-4148-8728-a308de76df00",
                  "isHook": false,
                  "skipped": false
                }
              ],
              "suites": [],
              "passes": [
                "2f79fdde-e986-4176-912f-2623d89e641f"
              ],
              "failures": [],
              "pending": [],
              "skipped": [],
              "duration": 3678,
              "root": false,
              "rootEmpty": false,
              "_timeout": 2000
            },
            {
              "uuid": "a26d8f68-08ab-4631-94f4-31e0cd05f60c",
              "title": "🔍 Funcionalidades de filtro",
              "fullFile": "",
              "file": "",
              "beforeHooks": [],
              "afterHooks": [],
              "tests": [
                {
                  "title": "deve filtrar usuários por nome",
                  "fullTitle": "Gestão de Usuários - LogistiQ 🔍 Funcionalidades de filtro deve filtrar usuários por nome",
                  "timedOut": null,
                  "duration": 4942,
                  "state": "passed",
                  "speed": "fast",
                  "pass": true,
                  "fail": false,
                  "pending": false,
                  "context": null,
                  "code": "cy.filtrarUsuario('Teste Cypress');\ncy.url().should('include', 'nome=Teste+Cypress');\ncy.get('tbody tr').should('contain', 'Teste Cypress');",
                  "err": {},
                  "uuid": "9a9116cd-d831-41c5-8f2e-3feb03d7ee44",
                  "parentUUID": "a26d8f68-08ab-4631-94f4-31e0cd05f60c",
                  "isHook": false,
                  "skipped": false
                },
                {
                  "title": "deve filtrar usuários por email",
                  "fullTitle": "Gestão de Usuários - LogistiQ 🔍 Funcionalidades de filtro deve filtrar usuários por email",
                  "timedOut": null,
                  "duration": 4980,
                  "state": "passed",
                  "speed": "fast",
                  "pass": true,
                  "fail": false,
                  "pending": false,
                  "context": null,
                  "code": "cy.filtrarUsuario('teste@example.com');\ncy.url().should('include', 'nome=teste%40example.com');\ncy.get('tbody tr').should('contain', 'teste@example.com');",
                  "err": {},
                  "uuid": "99e1bc51-9b3e-4e5e-a54f-980deb064776",
                  "parentUUID": "a26d8f68-08ab-4631-94f4-31e0cd05f60c",
                  "isHook": false,
                  "skipped": false
                },
                {
                  "title": "deve filtrar usuários do tipo Administrador",
                  "fullTitle": "Gestão de Usuários - LogistiQ 🔍 Funcionalidades de filtro deve filtrar usuários do tipo Administrador",
                  "timedOut": null,
                  "duration": 4856,
                  "state": "passed",
                  "speed": "fast",
                  "pass": true,
                  "fail": false,
                  "pending": false,
                  "context": null,
                  "code": "cy.filtrarUsuarioTipo('Administrador');\ncy.url().should('include', 'role=administrador');\ncy.get('tbody tr').should('contain', 'Administrador');",
                  "err": {},
                  "uuid": "2c31f403-3280-411a-b943-3845864c8578",
                  "parentUUID": "a26d8f68-08ab-4631-94f4-31e0cd05f60c",
                  "isHook": false,
                  "skipped": false
                },
                {
                  "title": "deve filtrar usuários do tipo Supervisor",
                  "fullTitle": "Gestão de Usuários - LogistiQ 🔍 Funcionalidades de filtro deve filtrar usuários do tipo Supervisor",
                  "timedOut": null,
                  "duration": 4747,
                  "state": "passed",
                  "speed": "fast",
                  "pass": true,
                  "fail": false,
                  "pending": false,
                  "context": null,
                  "code": "cy.filtrarUsuarioTipo('Supervisor');\ncy.url().should('include', 'role=supervisor');\ncy.get('tbody tr').should('contain', 'Supervisor');",
                  "err": {},
                  "uuid": "9e19b539-6bd9-4576-9434-238b4c9248ba",
                  "parentUUID": "a26d8f68-08ab-4631-94f4-31e0cd05f60c",
                  "isHook": false,
                  "skipped": false
                },
                {
                  "title": "deve filtrar usuários do tipo Usuário",
                  "fullTitle": "Gestão de Usuários - LogistiQ 🔍 Funcionalidades de filtro deve filtrar usuários do tipo Usuário",
                  "timedOut": null,
                  "duration": 4750,
                  "state": "passed",
                  "speed": "fast",
                  "pass": true,
                  "fail": false,
                  "pending": false,
                  "context": null,
                  "code": "cy.filtrarUsuarioTipo('Usuário');\ncy.url().should('include', 'role=usuario');\ncy.get('tbody tr').should('contain', 'Usuario');",
                  "err": {},
                  "uuid": "a0f941c7-95ad-4139-9fb7-234135afdc27",
                  "parentUUID": "a26d8f68-08ab-4631-94f4-31e0cd05f60c",
                  "isHook": false,
                  "skipped": false
                },
                {
                  "title": "deve filtrar usuários do tipo Convidado",
                  "fullTitle": "Gestão de Usuários - LogistiQ 🔍 Funcionalidades de filtro deve filtrar usuários do tipo Convidado",
                  "timedOut": null,
                  "duration": 4767,
                  "state": "passed",
                  "speed": "fast",
                  "pass": true,
                  "fail": false,
                  "pending": false,
                  "context": null,
                  "code": "cy.filtrarUsuarioTipo('Convidado');\ncy.url().should('include', 'role=convidado');\ncy.get('tbody tr').should('contain', 'Convidado');",
                  "err": {},
                  "uuid": "4045df3c-eda1-449a-9adc-c27049b400db",
                  "parentUUID": "a26d8f68-08ab-4631-94f4-31e0cd05f60c",
                  "isHook": false,
                  "skipped": false
                },
                {
                  "title": "deve filtrar usuários ativos",
                  "fullTitle": "Gestão de Usuários - LogistiQ 🔍 Funcionalidades de filtro deve filtrar usuários ativos",
                  "timedOut": null,
                  "duration": 4730,
                  "state": "passed",
                  "speed": "fast",
                  "pass": true,
                  "fail": false,
                  "pending": false,
                  "context": null,
                  "code": "cy.get('select[name=\"ativo\"]').select('Ativo');\ncy.submitForm();\ncy.url().should('include', 'ativo=ativo');\ncy.get('tbody tr').should('contain', 'Ativo');",
                  "err": {},
                  "uuid": "34472e55-4ac6-4e7f-a796-39711e8e4e27",
                  "parentUUID": "a26d8f68-08ab-4631-94f4-31e0cd05f60c",
                  "isHook": false,
                  "skipped": false
                },
                {
                  "title": "deve filtrar usuários inativos",
                  "fullTitle": "Gestão de Usuários - LogistiQ 🔍 Funcionalidades de filtro deve filtrar usuários inativos",
                  "timedOut": null,
                  "duration": 4711,
                  "state": "passed",
                  "speed": "fast",
                  "pass": true,
                  "fail": false,
                  "pending": false,
                  "context": null,
                  "code": "cy.get('select[name=\"ativo\"]').select('Inativo');\ncy.submitForm();\ncy.url().should('include', 'ativo=inativo');\ncy.get('tbody tr').should('contain', 'Inativo');",
                  "err": {},
                  "uuid": "e644fc57-fbe5-487f-92d3-e8a1ebc1789f",
                  "parentUUID": "a26d8f68-08ab-4631-94f4-31e0cd05f60c",
                  "isHook": false,
                  "skipped": false
                }
              ],
              "suites": [],
              "passes": [
                "9a9116cd-d831-41c5-8f2e-3feb03d7ee44",
                "99e1bc51-9b3e-4e5e-a54f-980deb064776",
                "2c31f403-3280-411a-b943-3845864c8578",
                "9e19b539-6bd9-4576-9434-238b4c9248ba",
                "a0f941c7-95ad-4139-9fb7-234135afdc27",
                "4045df3c-eda1-449a-9adc-c27049b400db",
                "34472e55-4ac6-4e7f-a796-39711e8e4e27",
                "e644fc57-fbe5-487f-92d3-e8a1ebc1789f"
              ],
              "failures": [],
              "pending": [],
              "skipped": [],
              "duration": 38483,
              "root": false,
              "rootEmpty": false,
              "_timeout": 2000
            },
            {
              "uuid": "b68057d9-5e13-4eeb-8fbe-554927e75303",
              "title": "✏️ Funcionalidade de edição",
              "fullFile": "",
              "file": "",
              "beforeHooks": [],
              "afterHooks": [],
              "tests": [
                {
                  "title": "deve editar o nome de um usuário",
                  "fullTitle": "Gestão de Usuários - LogistiQ ✏️ Funcionalidade de edição deve editar o nome de um usuário",
                  "timedOut": null,
                  "duration": 8245,
                  "state": "passed",
                  "speed": "medium",
                  "pass": true,
                  "fail": false,
                  "pending": false,
                  "context": null,
                  "code": "cy.editarUsuario();\ncy.get('input[name=\"nome\"]').clear().type('Teste Cypress');\ncy.submitForm();\ncy.contains('Usuário atualizado com sucesso').should('be.visible');",
                  "err": {},
                  "uuid": "48eb2f76-5e53-4d76-b462-95d85a601dd1",
                  "parentUUID": "b68057d9-5e13-4eeb-8fbe-554927e75303",
                  "isHook": false,
                  "skipped": false
                },
                {
                  "title": "deve editar o email de um usuário",
                  "fullTitle": "Gestão de Usuários - LogistiQ ✏️ Funcionalidade de edição deve editar o email de um usuário",
                  "timedOut": null,
                  "duration": 8255,
                  "state": "passed",
                  "speed": "medium",
                  "pass": true,
                  "fail": false,
                  "pending": false,
                  "context": null,
                  "code": "cy.editarUsuario();\ncy.get('input[name=\"email\"]').clear().type('teste@example.com');\ncy.submitForm();\ncy.contains('Usuário atualizado com sucesso').should('be.visible');",
                  "err": {},
                  "uuid": "6cdb26c7-a694-4947-b400-76355bbe2875",
                  "parentUUID": "b68057d9-5e13-4eeb-8fbe-554927e75303",
                  "isHook": false,
                  "skipped": false
                },
                {
                  "title": "deve editar o tipo de um usuário",
                  "fullTitle": "Gestão de Usuários - LogistiQ ✏️ Funcionalidade de edição deve editar o tipo de um usuário",
                  "timedOut": null,
                  "duration": 7984,
                  "state": "passed",
                  "speed": "medium",
                  "pass": true,
                  "fail": false,
                  "pending": false,
                  "context": null,
                  "code": "cy.editarUsuario();\ncy.get('select[name=\"role\"]').select('Administrador');\ncy.submitForm();\ncy.contains('Usuário atualizado com sucesso').should('be.visible');",
                  "err": {},
                  "uuid": "1f84026a-b500-4bce-9ad4-51da3f9d8283",
                  "parentUUID": "b68057d9-5e13-4eeb-8fbe-554927e75303",
                  "isHook": false,
                  "skipped": false
                },
                {
                  "title": "deve editar o status de um usuário",
                  "fullTitle": "Gestão de Usuários - LogistiQ ✏️ Funcionalidade de edição deve editar o status de um usuário",
                  "timedOut": null,
                  "duration": 8135,
                  "state": "passed",
                  "speed": "medium",
                  "pass": true,
                  "fail": false,
                  "pending": false,
                  "context": null,
                  "code": "cy.editarUsuario();\ncy.get('input[name=\"ativo\"]').click();\ncy.submitForm();\ncy.contains('Usuário atualizado com sucesso').should('be.visible');",
                  "err": {},
                  "uuid": "e473ad2f-c47d-40d1-859c-8a4b44c79acd",
                  "parentUUID": "b68057d9-5e13-4eeb-8fbe-554927e75303",
                  "isHook": false,
                  "skipped": false
                },
                {
                  "title": "deve editar a senha de um usuário",
                  "fullTitle": "Gestão de Usuários - LogistiQ ✏️ Funcionalidade de edição deve editar a senha de um usuário",
                  "timedOut": null,
                  "duration": 8425,
                  "state": "passed",
                  "speed": "medium",
                  "pass": true,
                  "fail": false,
                  "pending": false,
                  "context": null,
                  "code": "cy.editarUsuario();\ncy.get('input[name=\"senha\"]').type('senha_teste');\ncy.submitForm();\ncy.contains('Usuário atualizado com sucesso').should('be.visible');",
                  "err": {},
                  "uuid": "57f501ae-4e44-4596-b99a-0ad5c3dd4b53",
                  "parentUUID": "b68057d9-5e13-4eeb-8fbe-554927e75303",
                  "isHook": false,
                  "skipped": false
                }
              ],
              "suites": [],
              "passes": [
                "48eb2f76-5e53-4d76-b462-95d85a601dd1",
                "6cdb26c7-a694-4947-b400-76355bbe2875",
                "1f84026a-b500-4bce-9ad4-51da3f9d8283",
                "e473ad2f-c47d-40d1-859c-8a4b44c79acd",
                "57f501ae-4e44-4596-b99a-0ad5c3dd4b53"
              ],
              "failures": [],
              "pending": [],
              "skipped": [],
              "duration": 41044,
              "root": false,
              "rootEmpty": false,
              "_timeout": 2000
            }
          ],
          "passes": [],
          "failures": [],
          "pending": [],
          "skipped": [],
          "duration": 0,
          "root": false,
          "rootEmpty": false,
          "_timeout": 2000
        }
      ],
      "passes": [],
      "failures": [],
      "pending": [],
      "skipped": [],
      "duration": 0,
      "root": true,
      "rootEmpty": true,
      "_timeout": 2000
    },
    {
      "uuid": "b411932d-8139-4b1b-8018-ca359c67c533",
      "title": "",
      "fullFile": "cypress\\e2e\\login.cy.js",
      "file": "cypress\\e2e\\login.cy.js",
      "beforeHooks": [],
      "afterHooks": [],
      "tests": [],
      "suites": [
        {
          "uuid": "f472991c-3e0a-4d99-b1e3-ede322e94c5a",
          "title": "Login - LogistiQ",
          "fullFile": "",
          "file": "",
          "beforeHooks": [],
          "afterHooks": [],
          "tests": [
            {
              "title": "deve permitir login com as credenciais válidas",
              "fullTitle": "Login - LogistiQ deve permitir login com as credenciais válidas",
              "timedOut": null,
              "duration": 3410,
              "state": "passed",
              "speed": "fast",
              "pass": true,
              "fail": false,
              "pending": false,
              "context": null,
              "code": "cy.login('teste@example.com', 'senha_teste');",
              "err": {},
              "uuid": "e9a219ca-85fd-4ade-b291-f0ed8de8a877",
              "parentUUID": "f472991c-3e0a-4d99-b1e3-ede322e94c5a",
              "isHook": false,
              "skipped": false
            },
            {
              "title": "deve exibir mensagem de erro com credenciais inválidas",
              "fullTitle": "Login - LogistiQ deve exibir mensagem de erro com credenciais inválidas",
              "timedOut": null,
              "duration": 1374,
              "state": "passed",
              "speed": "fast",
              "pass": true,
              "fail": false,
              "pending": false,
              "context": null,
              "code": "cy.login('teste@invalido.com', 'senha_invalida');",
              "err": {},
              "uuid": "4cab2923-36f7-4819-a417-d4312f2af48c",
              "parentUUID": "f472991c-3e0a-4d99-b1e3-ede322e94c5a",
              "isHook": false,
              "skipped": false
            }
          ],
          "suites": [],
          "passes": [
            "e9a219ca-85fd-4ade-b291-f0ed8de8a877",
            "4cab2923-36f7-4819-a417-d4312f2af48c"
          ],
          "failures": [],
          "pending": [],
          "skipped": [],
          "duration": 4784,
          "root": false,
          "rootEmpty": false,
          "_timeout": 2000
        }
      ],
      "passes": [],
      "failures": [],
      "pending": [],
      "skipped": [],
      "duration": 0,
      "root": true,
      "rootEmpty": true,
      "_timeout": 2000
    }
  ],
  "meta": {
    "mocha": {
      "version": "7.2.0"
    },
    "mochawesome": {
      "options": {
        "quiet": false,
        "reportFilename": "mochawesome",
        "saveHtml": false,
        "saveJson": true,
        "consoleReporter": "spec",
        "useInlineDiffs": false,
        "code": true
      },
      "version": "7.1.4"
    },
    "marge": {
      "options": {
        "reportDir": "cypress/reports",
        "charts": true,
        "overwrite": false,
        "html": false,
        "json": true,
        "embeddedScreenshots": true,
        "inlineAssets": true
      },
      "version": "6.3.0"
    }
  }
}